[    0.000000] Linux version 4.15.0-202-generic (buildd@lcy02-amd64-115) (gcc version 7.5.0 (Ubuntu 7.5.0-3ubuntu1~18.04)) #213-Ubuntu SMP Thu Jan 5 19:19:12 UTC 2023 (Ubuntu 4.15.0-202.213-generic 4.15.18)
[    0.000000] Command line: BOOT_IMAGE=/boot/vmlinuz-4.15.0-202-generic root=LABEL=cloudimg-rootfs ro console=tty1 console=ttyS0
[    0.000000] KERNEL supported cpus:
[    0.000000]   Intel GenuineIntel
[    0.000000]   AMD AuthenticAMD
[    0.000000]   Centaur CentaurHauls
[    0.000000] x86/fpu: x87 FPU will use FXSAVE
[    0.000000] e820: BIOS-provided physical RAM map:
[    0.000000] BIOS-e820: [mem 0x0000000000000000-0x000000000009fbff] usable
[    0.000000] BIOS-e820: [mem 0x000000000009fc00-0x000000000009ffff] reserved
[    0.000000] BIOS-e820: [mem 0x00000000000f0000-0x00000000000fffff] reserved
[    0.000000] BIOS-e820: [mem 0x0000000000100000-0x000000009c3effff] usable
[    0.000000] BIOS-e820: [mem 0x000000009c3f0000-0x000000009c3fffff] ACPI data
[    0.000000] BIOS-e820: [mem 0x00000000fec00000-0x00000000fec00fff] reserved
[    0.000000] BIOS-e820: [mem 0x00000000fee00000-0x00000000fee00fff] reserved
[    0.000000] BIOS-e820: [mem 0x00000000fffc0000-0x00000000ffffffff] reserved
[    0.000000] NX (Execute Disable) protection: active
[    0.000000] SMBIOS 2.5 present.
[    0.000000] DMI: innotek GmbH VirtualBox/VirtualBox, BIOS VirtualBox 12/01/2006
[    0.000000] Hypervisor detected: KVM
[    0.000000] e820: last_pfn = 0x9c3f0 max_arch_pfn = 0x400000000
[    0.000000] MTRR: Disabled
[    0.000000] x86/PAT: MTRRs disabled, skipping PAT initialization too.
[    0.000000] CPU MTRRs all blank - virtualized system.
[    0.000000] x86/PAT: Configuration [0-7]: WB  WT  UC- UC  WB  WT  UC- UC  
[    0.000000] found SMP MP-table at [mem 0x0009fff0-0x0009ffff]
[    0.000000] Scanning 1 areas for low memory corruption
[    0.000000] RAMDISK: [mem 0x359c9000-0x36cdbfff]
[    0.000000] ACPI: Early table checksum verification disabled
[    0.000000] ACPI: RSDP 0x00000000000E0000 000024 (v02 VBOX  )
[    0.000000] ACPI: XSDT 0x000000009C3F0030 00003C (v01 VBOX   VBOXXSDT 00000001 ASL  00000061)
[    0.000000] ACPI: FACP 0x000000009C3F00F0 0000F4 (v04 VBOX   VBOXFACP 00000001 ASL  00000061)
[    0.000000] ACPI: DSDT 0x000000009C3F0610 002353 (v02 VBOX   VBOXBIOS 00000002 INTL 20100528)
[    0.000000] ACPI: FACS 0x000000009C3F0200 000040
[    0.000000] ACPI: FACS 0x000000009C3F0200 000040
[    0.000000] ACPI: APIC 0x000000009C3F0240 00005C (v02 VBOX   VBOXAPIC 00000001 ASL  00000061)
[    0.000000] ACPI: SSDT 0x000000009C3F02A0 00036C (v01 VBOX   VBOXCPUT 00000002 INTL 20100528)
[    0.000000] ACPI: Reserving FACP table memory at [mem 0x9c3f00f0-0x9c3f01e3]
[    0.000000] ACPI: Reserving DSDT table memory at [mem 0x9c3f0610-0x9c3f2962]
[    0.000000] ACPI: Reserving FACS table memory at [mem 0x9c3f0200-0x9c3f023f]
[    0.000000] ACPI: Reserving FACS table memory at [mem 0x9c3f0200-0x9c3f023f]
[    0.000000] ACPI: Reserving APIC table memory at [mem 0x9c3f0240-0x9c3f029b]
[    0.000000] ACPI: Reserving SSDT table memory at [mem 0x9c3f02a0-0x9c3f060b]
[    0.000000] No NUMA configuration found
[    0.000000] Faking a node at [mem 0x0000000000000000-0x000000009c3effff]
[    0.000000] NODE_DATA(0) allocated [mem 0x9c3c5000-0x9c3effff]
[    0.000000] kvm-clock: cpu 0, msr 0:9c344001, primary cpu clock
[    0.000000] kvm-clock: Using msrs 4b564d01 and 4b564d00
[    0.000000] kvm-clock: using sched offset of 3923946335 cycles
[    0.000000] clocksource: kvm-clock: mask: 0xffffffffffffffff max_cycles: 0x1cd42e4dffb, max_idle_ns: 881590591483 ns
[    0.000000] Zone ranges:
[    0.000000]   DMA      [mem 0x0000000000001000-0x0000000000ffffff]
[    0.000000]   DMA32    [mem 0x0000000001000000-0x000000009c3effff]
[    0.000000]   Normal   empty
[    0.000000]   Device   empty
[    0.000000] Movable zone start for each node
[    0.000000] Early memory node ranges
[    0.000000]   node   0: [mem 0x0000000000001000-0x000000000009efff]
[    0.000000]   node   0: [mem 0x0000000000100000-0x000000009c3effff]
[    0.000000] Reserved but unavailable: 104 pages
[    0.000000] Initmem setup node 0 [mem 0x0000000000001000-0x000000009c3effff]
[    0.000000] ACPI: PM-Timer IO Port: 0x4008
[    0.000000] IOAPIC[0]: apic_id 2, version 32, address 0xfec00000, GSI 0-23
[    0.000000] ACPI: INT_SRC_OVR (bus 0 bus_irq 0 global_irq 2 dfl dfl)
[    0.000000] ACPI: INT_SRC_OVR (bus 0 bus_irq 9 global_irq 9 low level)
[    0.000000] Using ACPI (MADT) for SMP configuration information
[    0.000000] smpboot: Allowing 2 CPUs, 0 hotplug CPUs
[    0.000000] PM: Registered nosave memory: [mem 0x00000000-0x00000fff]
[    0.000000] PM: Registered nosave memory: [mem 0x0009f000-0x0009ffff]
[    0.000000] PM: Registered nosave memory: [mem 0x000a0000-0x000effff]
[    0.000000] PM: Registered nosave memory: [mem 0x000f0000-0x000fffff]
[    0.000000] e820: [mem 0x9c400000-0xfebfffff] available for PCI devices
[    0.000000] Booting paravirtualized kernel on KVM
[    0.000000] clocksource: refined-jiffies: mask: 0xffffffff max_cycles: 0xffffffff, max_idle_ns: 7645519600211568 ns
[    0.000000] setup_percpu: NR_CPUS:8192 nr_cpumask_bits:2 nr_cpu_ids:2 nr_node_ids:1
[    0.000000] percpu: Embedded 50 pages/cpu s167936 r8192 d28672 u1048576
[    0.000000] PV qspinlock hash table entries: 256 (order: 0, 4096 bytes)
[    0.000000] Built 1 zonelists, mobility grouping on.  Total pages: 629865
[    0.000000] Policy zone: DMA32
[    0.000000] Kernel command line: BOOT_IMAGE=/boot/vmlinuz-4.15.0-202-generic root=LABEL=cloudimg-rootfs ro console=tty1 console=ttyS0
[    0.000000] Memory: 2469496K/2559544K available (12300K kernel code, 2477K rwdata, 4320K rodata, 2472K init, 2720K bss, 90048K reserved, 0K cma-reserved)
[    0.000000] SLUB: HWalign=64, Order=0-3, MinObjects=0, CPUs=2, Nodes=1
[    0.000000] Kernel/User page tables isolation: enabled
[    0.000000] ftrace: allocating 39478 entries in 155 pages
[    0.004000] Hierarchical RCU implementation.
[    0.004000] 	RCU restricting CPUs from NR_CPUS=8192 to nr_cpu_ids=2.
[    0.004000] 	Tasks RCU enabled.
[    0.004000] RCU: Adjusting geometry for rcu_fanout_leaf=16, nr_cpu_ids=2
[    0.004000] NR_IRQS: 524544, nr_irqs: 440, preallocated irqs: 16
[    0.004000] random: crng init done
[    0.004000] Console: colour VGA+ 80x25
[    0.004000] console [tty1] enabled
[    0.004000] console [ttyS0] enabled
[    0.004000] ACPI: Core revision 20170831
[    0.004000] ACPI: 2 ACPI AML tables successfully acquired and loaded
[    0.004000] APIC: Switch to symmetric I/O mode setup
[    0.004000] ..TIMER: vector=0x30 apic1=0 pin1=2 apic2=-1 pin2=-1
[    0.004000] tsc: Detected 3599.998 MHz processor
[    0.004000] Calibrating delay loop (skipped) preset value.. 7199.99 BogoMIPS (lpj=14399992)
[    0.004000] pid_max: default: 32768 minimum: 301
[    0.004044] Security Framework initialized
[    0.008007] Yama: becoming mindful.
[    0.012030] AppArmor: AppArmor initialized
[    0.026474] Dentry cache hash table entries: 524288 (order: 10, 4194304 bytes)
[    0.044551] Inode-cache hash table entries: 262144 (order: 9, 2097152 bytes)
[    0.048335] Mount-cache hash table entries: 8192 (order: 4, 65536 bytes)
[    0.052296] Mountpoint-cache hash table entries: 8192 (order: 4, 65536 bytes)
[    0.060510] Last level iTLB entries: 4KB 128, 2MB 8, 4MB 8
[    0.064005] Last level dTLB entries: 4KB 64, 2MB 0, 4MB 0, 1GB 4
[    0.068005] Spectre V1 : Mitigation: usercopy/swapgs barriers and __user pointer sanitization
[    0.072006] Spectre V2 : Mitigation: Retpolines
[    0.076003] Spectre V2 : Spectre v2 / SpectreRSB mitigation: Filling RSB on context switch
[    0.080005] Speculative Store Bypass: Vulnerable
[    0.088071] MDS: Mitigation: Clear CPU buffers
[    0.092003] MMIO Stale Data: Mitigation: Clear CPU buffers
[    0.096005] SRBDS: Unknown: Dependent on hypervisor status
[    0.100162] Freeing SMP alternatives memory: 36K
[    0.217177] smpboot: CPU0: Intel(R) Core(TM) i3-9100F CPU @ 3.60GHz (family: 0x6, model: 0x9e, stepping: 0xb)
[    0.220697] Performance Events: unsupported p6 CPU model 158 no PMU driver, software events only.
[    0.224347] Hierarchical SRCU implementation.
[    0.232842] NMI watchdog: Perf event create on CPU 0 failed with -2
[    0.236006] NMI watchdog: Perf NMI watchdog permanently disabled
[    0.240322] smp: Bringing up secondary CPUs ...
[    0.245024] x86: Booting SMP configuration:
[    0.248006] .... node  #0, CPUs:      #1
[    0.004000] kvm-clock: cpu 1, msr 0:9c344041, secondary cpu clock
[    0.260000] TSC synchronization [CPU#0 -> CPU#1]:
[    0.260000] Measured 244892 cycles TSC warp between CPUs, turning off TSC clock.
[    0.260000] tsc: Marking TSC unstable due to check_tsc_sync_source failed
[    0.260198] smp: Brought up 1 node, 2 CPUs
[    0.264005] smpboot: Max logical packages: 1
[    0.268004] smpboot: Total of 2 processors activated (14399.99 BogoMIPS)
[    0.276609] devtmpfs: initialized
[    0.280476] x86/mm: Memory block size: 128MB
[    0.284748] evm: security.selinux
[    0.288005] evm: security.SMACK64
[    0.292004] evm: security.SMACK64EXEC
[    0.296002] evm: security.SMACK64TRANSMUTE
[    0.300002] evm: security.SMACK64MMAP
[    0.304002] evm: security.apparmor
[    0.308006] evm: security.ima
[    0.312003] evm: security.capability
[    0.316388] clocksource: jiffies: mask: 0xffffffff max_cycles: 0xffffffff, max_idle_ns: 7645041785100000 ns
[    0.320162] futex hash table entries: 512 (order: 3, 32768 bytes)
[    0.324213] pinctrl core: initialized pinctrl subsystem
[    0.328644] RTC time: 20:46:16, date: 08/09/23
[    0.333439] NET: Registered protocol family 16
[    0.336150] audit: initializing netlink subsys (disabled)
[    0.340210] audit: type=2000 audit(1691613981.329:1): state=initialized audit_enabled=0 res=1
[    0.352010] cpuidle: using governor ladder
[    0.356012] cpuidle: using governor menu
[    0.360053] ACPI: bus type PCI registered
[    0.364007] acpiphp: ACPI Hot Plug PCI Controller Driver version: 0.5
[    0.368712] PCI: Using configuration type 1 for base access
[    0.380373] HugeTLB registered 2.00 MiB page size, pre-allocated 0 pages
[    0.388512] ACPI: Added _OSI(Module Device)
[    0.392015] ACPI: Added _OSI(Processor Device)
[    0.396003] ACPI: Added _OSI(3.0 _SCP Extensions)
[    0.400002] ACPI: Added _OSI(Processor Aggregator Device)
[    0.404008] ACPI: Added _OSI(Linux-Dell-Video)
[    0.407832] ACPI: Added _OSI(Linux-Lenovo-NV-HDMI-Audio)
[    0.408005] ACPI: Added _OSI(Linux-HPI-Hybrid-Graphics)
[    0.412875] ACPI: Executed 1 blocks of module-level executable AML code
[    0.422593] ACPI: Interpreter enabled
[    0.424012] ACPI: (supports S0 S5)
[    0.428005] ACPI: Using IOAPIC for interrupt routing
[    0.432385] PCI: Using host bridge windows from ACPI; if necessary, use "pci=nocrs" and report a bug
[    0.436290] ACPI: Enabled 2 GPEs in block 00 to 07
[    0.452207] ACPI: PCI Root Bridge [PCI0] (domain 0000 [bus 00-ff])
[    0.456021] acpi PNP0A03:00: _OSC: OS supports [ASPM ClockPM Segments MSI]
[    0.461088] acpi PNP0A03:00: _OSC: not requesting OS control; OS requires [ExtendedConfig ASPM ClockPM MSI]
[    0.464021] acpi PNP0A03:00: fail to add MMCONFIG information, can't access extended PCI configuration space under this bridge.
[    0.468766] PCI host bridge to bus 0000:00
[    0.472007] pci_bus 0000:00: root bus resource [io  0x0000-0x0cf7 window]
[    0.476011] pci_bus 0000:00: root bus resource [io  0x0d00-0xffff window]
[    0.480008] pci_bus 0000:00: root bus resource [mem 0x000a0000-0x000bffff window]
[    0.484009] pci_bus 0000:00: root bus resource [mem 0x9c400000-0xfdffffff window]
[    0.488006] pci_bus 0000:00: root bus resource [bus 00-ff]
[    0.500431] pci 0000:00:01.1: legacy IDE quirk: reg 0x10: [io  0x01f0-0x01f7]
[    0.504008] pci 0000:00:01.1: legacy IDE quirk: reg 0x14: [io  0x03f6]
[    0.508008] pci 0000:00:01.1: legacy IDE quirk: reg 0x18: [io  0x0170-0x0177]
[    0.512006] pci 0000:00:01.1: legacy IDE quirk: reg 0x1c: [io  0x0376]
[    0.543640] pci 0000:00:07.0: quirk: [io  0x4000-0x403f] claimed by PIIX4 ACPI
[    0.544065] pci 0000:00:07.0: quirk: [io  0x4100-0x410f] claimed by PIIX4 SMB
[    0.561886] ACPI: PCI Interrupt Link [LNKA] (IRQs 5 9 10 *11)
[    0.564568] ACPI: PCI Interrupt Link [LNKB] (IRQs 5 9 *10 11)
[    0.572247] ACPI: PCI Interrupt Link [LNKC] (IRQs 5 *9 10 11)
[    0.576221] ACPI: PCI Interrupt Link [LNKD] (IRQs 5 9 10 *11)
[    0.580804] SCSI subsystem initialized
[    0.584216] pci 0000:00:02.0: vgaarb: setting as boot VGA device
[    0.588000] pci 0000:00:02.0: vgaarb: VGA device added: decodes=io+mem,owns=io+mem,locks=none
[    0.588009] pci 0000:00:02.0: vgaarb: bridge control possible
[    0.592005] vgaarb: loaded
[    0.594812] ACPI: bus type USB registered
[    0.596046] usbcore: registered new interface driver usbfs
[    0.604040] usbcore: registered new interface driver hub
[    0.608024] usbcore: registered new device driver usb
[    0.612389] EDAC MC: Ver: 3.0.0
[    0.620059] PCI: Using ACPI for IRQ routing
[    0.624830] NetLabel: Initializing
[    0.628003] NetLabel:  domain hash size = 128
[    0.632003] NetLabel:  protocols = UNLABELED CIPSOv4 CALIPSO
[    0.636188] NetLabel:  unlabeled traffic allowed by default
[    0.640321] clocksource: Switched to clocksource kvm-clock
[    0.671108] VFS: Disk quotas dquot_6.6.0
[    0.671108] VFS: Dquot-cache hash table entries: 512 (order 0, 4096 bytes)
[    0.671108] AppArmor: AppArmor Filesystem Enabled
[    0.671108] pnp: PnP ACPI init
[    0.671108] pnp: PnP ACPI: found 3 devices
[    0.759376] clocksource: acpi_pm: mask: 0xffffff max_cycles: 0xffffff, max_idle_ns: 2085701024 ns
[    0.760166] NET: Registered protocol family 2
[    0.760166] IP idents hash table entries: 65536 (order: 7, 524288 bytes)
[    0.782788] TCP established hash table entries: 32768 (order: 6, 262144 bytes)
[    0.785688] TCP bind hash table entries: 32768 (order: 7, 524288 bytes)
[    0.785688] TCP: Hash tables configured (established 32768 bind 32768)
[    0.785688] UDP hash table entries: 2048 (order: 4, 65536 bytes)
[    0.785688] UDP-Lite hash table entries: 2048 (order: 4, 65536 bytes)
[    0.785688] NET: Registered protocol family 1
[    0.785688] pci 0000:00:00.0: Limiting direct PCI/PCI transfers
[    0.785688] pci 0000:00:01.0: Activating ISA DMA hang workarounds
[    0.785688] pci 0000:00:02.0: Video device with shadowed ROM at [mem 0x000c0000-0x000dffff]
[    0.785688] Unpacking initramfs...
[    1.364023] Freeing initrd memory: 19532K
[    1.371873] clocksource: tsc: mask: 0xffffffffffffffff max_cycles: 0x33e451ab1a6, max_idle_ns: 440795278720 ns
[    1.381205] platform rtc_cmos: registered platform RTC device (no PNP device found)
[    1.388338] Scanning for low memory corruption every 60 seconds
[    1.396721] Initialise system trusted keyrings
[    1.402048] Key type blacklist registered
[    1.407041] workingset: timestamp_bits=36 max_order=20 bucket_order=0
[    1.415262] zbud: loaded
[    1.419793] squashfs: version 4.0 (2009/01/31) Phillip Lougher
[    1.426303] fuse init (API version 7.26)
[    1.456985] Key type asymmetric registered
[    1.461200] Asymmetric key parser 'x509' registered
[    1.466798] Block layer SCSI generic (bsg) driver version 0.4 loaded (major 246)
[    1.474751] io scheduler noop registered
[    1.478469] io scheduler deadline registered
[    1.482325] io scheduler cfq registered (default)
[    1.488855] ACPI: AC Adapter [AC] (on-line)
[    1.492897] input: Power Button as /devices/LNXSYSTM:00/LNXPWRBN:00/input/input0
[    1.500610] ACPI: Power Button [PWRF]
[    1.504429] input: Sleep Button as /devices/LNXSYSTM:00/LNXSLPBN:00/input/input1
[    1.511200] ACPI: Sleep Button [SLPF]
[    1.515751] Serial: 8250/16550 driver, 32 ports, IRQ sharing enabled
   1525908] 00:02: ttyS0 at I/O 0x3f8 (irq = 4, base_baud = 115200) is a 16550A
[    2.096036] Linux agpgart interface v0.103
[    2.105838] loop: module loaded
[    2.112344] scsi host0: ata_piix
[    2.116888] scsi host1: ata_piix
[    2.120848] ata1: PATA max UDMA/33 cmd 0x1f0 ctl 0x3f6 bmdma 0xd000 irq 14
[    2.127782] ata2: PATA max UDMA/33 cmd 0x170 ctl 0x376 bmdma 0xd008 irq 15
[    2.135215] tun: Universal TUN/TAP device driver, 1.6
[    2.143389] PPP generic driver version 2.4.2
[    2.148335] ehci_hcd: USB 2.0 'Enhanced' Host Controller (EHCI) Driver
[    2.155196] ehci-pci: EHCI PCI platform driver
[    2.159666] ehci-platform: EHCI generic platform driver
[    2.164263] ohci_hcd: USB 1.1 'Open' Host Controller (OHCI) Driver
[    2.173568] ohci-pci: OHCI PCI platform driver
[    2.178937] ohci-platform: OHCI generic platform driver
[    2.184072] uhci_hcd: USB Universal Host Controller Interface driver
[    2.190396] i8042: PNP: PS/2 Controller [PNP0303:PS2K,PNP0f03:PS2M] at 0x60,0x64 irq 1,12
[    2.202746] serio: i8042 KBD port at 0x60,0x64 irq 1
[    2.207658] serio: i8042 AUX port at 0x60,0x64 irq 12
[    2.212562] mousedev: PS/2 mouse device common for all mice
[    2.221841] rtc_cmos rtc_cmos: rtc core: registered rtc_cmos as rtc0
[    2.229239] rtc_cmos rtc_cmos: alarms up to one day, 114 bytes nvram
[    2.236151] input: AT Translated Set 2 keyboard as /devices/platform/i8042/serio0/input/input2
[    2.236302] i2c /dev entries driver
[    2.248330] device-mapper: uevent: version 1.0.3
[    2.253839] device-mapper: ioctl: 4.37.0-ioctl (2017-09-20) initialised: dm-devel@redhat.com
[    2.262132] ledtrig-cpu: registered to indicate activity on CPUs
[    2.269998] NET: Registered protocol family 10
[    2.283143] Segment Routing with IPv6
[    2.287326] NET: Registered protocol family 17
[    2.296147] Key type dns_resolver registered
[    2.351318] mce: Using 0 MCE banks
[    2.355571] RAS: Correctable Errors collector initialized.
[    2.361365] sched_clock: Marking stable (2361259682, 0)->(3317372629, -956112947)
[    2.373887] registered taskstats version 1
[    2.378231] Loading compiled-in X.509 certificates
[    2.387244] Loaded X.509 cert 'Build time autogenerated kernel key: f114f3958ed3c37ba1924ca66ae8368f3c35b0e4'
[    2.397022] Loaded X.509 cert 'Canonical Ltd. Live Patch Signing: 14df34d1a87cf37625abec039ef2bf521249b969'
[    2.407170] Loaded X.509 cert 'Canonical Ltd. Kernel Module Signing: 88f752e560a1e0737e31163a466ad7b70a850c19'
[    2.417510] blacklist: Loading compiled-in revocation X.509 certificates
[    2.424301] Loaded X.509 cert 'Canonical Ltd. Secure Boot Signing: 61482aa2830d0ab2ad5af10b7250da9033ddcef0'
[    2.432911] zswap: loaded using pool lzo/zbud
[    2.446472] Key type big_key registered
[    2.450018] Key type trusted registered
[    2.457489] Key type encrypted registered
[    2.461219] AppArmor: AppArmor sha1 policy hashing enabled
[    2.466060] ima: No TPM chip found, activating TPM-bypass! (rc=-19)
[    2.472802] ima: Allocated hash algorithm: sha1
[    2.478287] evm: HMAC attrs: 0x1
[    2.482404]   Magic number: 3:48:801
[    2.486554] acpi PNP0F03:00: hash matches
[    2.491422] rtc_cmos rtc_cmos: setting system clock to 2023-08-09 20:46:18 UTC (1691613978)
[    2.500168] BIOS EDD facility v0.16 2004-Jun-25, 0 devices found
[    2.506627] EDD information not available.
[    2.514368] Freeing unused kernel image memory: 2472K
[    2.532663] Write protecting the kernel read-only data: 20480k
[    2.544225] Freeing unused kernel image memory: 2008K
[    2.550563] Freeing unused kernel image memory: 1824K
[    2.561523] x86/mm: Checked W+X mappings: passed, no W+X pages found.
[    2.567939] x86/mm: Checking user space page tables
[    2.577915] x86/mm: Checked W+X mappings: passed, no W+X pages found.
Loading, please wait...
starting version 237
[    2.679650] e1000: Intel(R) PRO/1000 Network Driver - version 7.3.21-k8-NAPI
[    2.687076] e1000: Copyright (c) 1999-2006 Intel Corporation.
[    2.701243] Fusion MPT base driver 3.04.20
[    2.706369] Copyright (c) 1999-2008 LSI Corporation
[    2.741306] SSE version of gcm_enc/dec engaged.
[    2.747775] Fusion MPT SPI Host driver 3.04.20
[    2.975741] input: ImExPS/2 Generic Explorer Mouse as /devices/platform/i8042/serio1/input/input4
[    4.009465] e1000 0000:00:03.0 eth0: (PCI:33MHz:32-bit) 02:42:ef:1f:df:3a
[    4.016231] e1000 0000:00:03.0 eth0: Intel(R) PRO/1000 Network Connection
[    4.028240] mptbase: ioc0: Initiating bringup
[    4.146506] ioc0: LSI53C1030 A0: Capabilities={Initiator}
[    4.407014] scsi host2: ioc0: LSI53C1030 A0, FwRev=00000000h, Ports=1, MaxQ=256, IRQ=20
[    4.584484] scsi 2:0:0:0: Direct-Access     VBOX     HARDDISK         1.0  PQ: 0 ANSI: 5
[    4.756709] scsi target2:0:0: Beginning Domain Validation
[    4.769102] scsi target2:0:0: Domain Validation skipping write tests
[    4.775404] scsi target2:0:0: Ending Domain Validation
[    4.780838] scsi target2:0:0: asynchronous
[    4.786710] scsi 2:0:1:0: Direct-Access     VBOX     HARDDISK         1.0  PQ: 0 ANSI: 5
[    5.064573] scsi target2:0:1: Beginning Domain Validation
[    5.075877] scsi target2:0:1: Domain Validation skipping write tests
[    5.081829] scsi target2:0:1: Ending Domain Validation
[    5.086870] scsi target2:0:1: asynchronous
[    5.102458] sd 2:0:0:0: [sda] 83886080 512-byte logical blocks: (42.9 GB/40.0 GiB)
[    5.109775] sd 2:0:0:0: Attached scsi generic sg0 type 0
[    5.115680] sd 2:0:0:0: [sda] Write Protect is off
[    5.120773] sd 2:0:1:0: Attached scsi generic sg1 type 0
[    5.126307] sd 2:0:0:0: [sda] Incomplete mode parameter data
[    5.131833] sd 2:0:0:0: [sda] Assuming drive cache: write through
[    5.148216] sd 2:0:1:0: [sdb] 20480 512-byte logical blocks: (10.5 MB/10.0 MiB)
[    5.155122]  sda: sda1
[    5.158359] sd 2:0:1:0: [sdb] Write Protect is off
[    5.165201] sd 2:0:0:0: [sda] Attached SCSI disk
[    5.169718] sd 2:0:1:0: [sdb] Incomplete mode parameter data
[    5.175485] sd 2:0:1:0: [sdb] Assuming drive cache: write through
[    5.187431] sd 2:0:1:0: [sdb] Attached SCSI disk
[    5.291438] e1000 0000:00:08.0 eth1: (PCI:33MHz:32-bit) 08:00:27:b2:cc:9e
[    5.298765] e1000 0000:00:08.0 eth1: Intel(R) PRO/1000 Network Connection
[    5.307607] e1000 0000:00:08.0 enp0s8: renamed from eth1
[    5.337322] e1000 0000:00:03.0 enp0s3: renamed from eth0
Begin: Loading essential drivers ... [   10.173414] raid6: sse2x1   gen() 288518 MB/s
[   12.171700] raid6: sse2x1   xor() 217871 MB/s
[   13.171040] raid6: sse2x2   gen() 376068 MB/s
[   14.173485] raid6: sse2x2   xor() 250010 MB/s
[   14.228290] raid6: sse2x4   gen() 16813 MB/s
[   14.280269] raid6: sse2x4   xor() 11306 MB/s
[   14.284388] raid6: using algorithm sse2x2 gen() 376068 MB/s
[   14.289815] raid6: .... xor() 250010 MB/s, rmw enabled
[   14.295208] raid6: using ssse3x2 recovery algorithm
[   14.303721] xor: measuring software checksum speed
[   14.415263]    prefetch64-sse: 50745.000 MB/sec
[   15.237324]    generic_sse: 48633.000 MB/sec
[   15.242598] xor: using function: prefetch64-sse (50745.000 MB/sec)
[   15.251677] async_tx: api initialized (async)
done.
Begin: Running /scripts/init-premount ... done.
Begin: Mounting root file system ... Begin: Running /scripts/local-top ... done.
Begin: Running /scripts/local-premount ... [   15.314060] Btrfs loaded, crc32c=crc32c-intel
Scanning for Btrfs filesystems
done.
Warning: fsck not present, so skipping root file system
[   15.373792] EXT4-fs (sda1): mounted filesystem with ordered data mode. Opts: (null)
done.
Begin: Running /scripts/local-bottom ... done.
Begin: Running /scripts/init-bottom ... done.
[   15.644933] ip_tables: (C) 2000-2006 Netfilter Core Team
[   15.663236] systemd[1]: systemd 237 running in system mode. (+PAM +AUDIT +SELINUX +IMA +APPARMOR +SMACK +SYSVINIT +UTMP +LIBCRYPTSETUP +GCRYPT +GNUTLS +ACL +XZ +LZ4 +SECCOMP +BLKID +ELFUTILS +KMOD -IDN2 +IDN -PCRE2 default-hierarchy=hybrid)
[   15.683554] systemd[1]: Detected virtualization oracle.
[   15.689594] systemd[1]: Detected architecture x86-64.

Welcome to [1mUbuntu 18.04.6 LTS[0m!

[   15.723964] systemd[1]: Set hostname to <ubuntu>.
[   15.733673] systemd[1]: Initializing machine ID from random generator.
[   15.741041] systemd[1]: Installed transient /etc/machine-id file.
[   16.142113] systemd[1]: Reached target System Time Synchronized.
[[0;32m  OK  [0m] Reached target System Time Synchronized.
[   16.163670] systemd[1]: Created slice System Slice.
[[0;32m  OK  [0m] Created slice System Slice.
[   16.174827] systemd[1]: Listening on Network Service Netlink Socket.
[[0;32m  OK  [0m] Listening on Network Service Netlink Socket.
[   16.186847] systemd[1]: Created slice system-serial\x2dgetty.slice.
[[0;32m  OK  [0m] Created slice system-serial\x2dgetty.slice.
[[0;32m  OK  [0m] Listening on Journal Socket (/dev/log).
[[0;32m  OK  [0m] Listening on fsck to fsckd communication Socket.
[[0;32m  OK  [0m] Listening on /dev/initctl Compatibility Named Pipe.
[[0;32m  OK  [0m] Listening on Syslog Socket.
[[0;32m  OK  [0m] Listening on udev Control Socket.
[[0;32m  OK  [0m] Reached target User and Group Name Lookups.
[[0;32m  OK  [0m] Started Forward Password Requests to Wall Directory Watch.
[[0;32m  OK  [0m] Listening on LVM2 poll daemon socket.
[[0;32m  OK  [0m] Created slice User and Session Slice.
[[0;32m  OK  [0m] Reached target Slices.
[[0;32m  OK  [0m] Set up automount Arbitrary Executab…rmats File System Automount Point.
[[0;32m  OK  [0m] Listening on Device-mapper event daemon FIFOs.
[[0;32m  OK  [0m] Listening on LVM2 metadata daemon socket.
[[0;32m  OK  [0m] Listening on Journal Socket.
         Starting Set the console keyboard layout...
         Mounting Huge Pages File System...
         Starting Load Kernel Modules...
         Starting Uncomplicated firewall...
         Mounting Kernel Debug File System...
         Mounting POSIX Message Queue File System...
         Starting Create list of required st…ce nodes for the current kernel...
         Starting File System Check on Root Device...
         Starting Monitoring of LVM2 mirrors…ng dmeventd or progress polling...[   16.312263] Loading iSCSI transport class v2.0-870.

[[0;32m  OK  [0m] Listening on Journal Audit Socket.
         Starting Journal Service...
[   16.392133] iscsi: registered transport (tcp)
[[0;32m  OK  [0m] Listening on udev Kernel Socket.
         Starting udev Coldplug all Devices...
[[0;32m  OK  [0m] Reached target Swap.
[[0;32m  OK  [0m] Mounted Huge Pages File System.
[[0;32m  OK  [0m] Started Uncomplicated firewall.
[[0;32m  OK  [0m] Mounted Kernel Debug File System.
[[0;32m  OK  [0m] Mounted POSIX Message Queue File System.
[[0;32m  OK  [0m] Started Journal Service.
[[0;32m  OK  [0m] Started Create list of required sta…vice nodes for the current kernel.
[[0;32m  OK  [0m] Started File System Check Daemon to report status.
[[0;32m  OK  [0m] Started LVM2 metadata daemon.
         Starting Create Static Device Nodes in /dev...
[[0;32m  OK  [0m] Started File System Check on Root Device.
         Starting Remount Root and Kernel File Systems...
[[0;32m  OK  [0m] Started udev Coldplug all Devices.
[[0;32m  OK  [0m] Started Create Static Device Nodes in /dev.
[   16.694086] EXT4-fs (sda1): re-mounted. Opts: (null)
[[0;32m  OK  [0m] Started Remount Root and Kernel File Systems.
[   16.717743] iscsi: registered transport (iser)
         Starting udev Kernel Device Manager...
         Starting Flush Journal to Persistent Storage...
         Starting Load/Save Random Seed...
[[0;32m  OK  [0m] Started Load Kernel Modules.
[[0;32m  OK  [0m] Started Monitoring of LVM2 mirrors,…sing dmeventd or progress polling.
         Mounting Kernel Configuration File System...
         Starting Apply Kernel Variables...
         Mounting FUSE Control File System...
[[0;32m  OK  [0m] Mounted Kernel Configuration File System.
[[0;32m  OK  [0m] Mounted FUSE Control File System.
[   16.799541] systemd-journald[412]: Received request to flush runtime journal from PID 1
[[0;32m  OK  [0m] Started udev Kernel Device Manager.
[[0;32m  OK  [0m] Started Load/Save Random Seed.
[[0;32m  OK  [0m] Started Apply Kernel Variables.
[[0;32m  OK  [0m] Started Flush Journal to Persistent Storage.
[[0;32m  OK  [0m] Found device /dev/ttyS0.
[[0;32m  OK  [0m] Started Set the console keyboard layout.
[[0;32m  OK  [0m] Started Dispatch Password Requests to Console Directory Watch.
[[0;32m  OK  [0m] Reached target Local Encrypted Volumes.
[[0;32m  OK  [0m] Reached target Local File Systems (Pre).
[[0;32m  OK  [0m] Reached target Local File Systems.
         Starting AppArmor initialization...
         Starting Create Volatile Files and Directories...
         Starting Set console font and keymap...
         Starting ebtables ruleset management...
         Starting Commit a transient machine-id on disk...
         Starting Tell Plymouth To Write Out Runtime Data...
[[0;32m  OK  [0m] Listening on Load/Save RF Kill Switch Status /dev/rfkill Watch.
[[0;32m  OK  [0m] Started Create Volatile Files and Directories.
         Starting Update UTMP about System Boot/Shutdown...
[[0;32m  OK  [0m] Started Set console font and keymap.
[[0;32m  OK  [0m] Started Tell Plymouth To Write Out Runtime Data.
[[0;32m  OK  [0m] Started Update UTMP about System Boot/Shutdown.
[[0;32m  OK  [0m] Started Commit a transient machine-id on disk.
[[0;32m  OK  [0m] Started ebtables ruleset management.
         Mounting Arbitrary Executable File Formats File System...
[[0;32m  OK  [0m] Mounted Arbitrary Executable File Formats File System.
[[0;32m  OK  [0m] Started AppArmor initialization.
         Starting Initial cloud-init job (pre-networking)...
         Starting Load AppArmor profiles managed internally by snapd...
[[0;32m  OK  [0m] Started Load AppArmor profiles managed internally by snapd.
[   20.113107] cloud-init[608]: Cloud-init v. 22.4.2-0ubuntu0~18.04.1 running 'init-local' at Wed, 09 Aug 2023 20:46:35 +0000. Up 19.67 seconds.
[[0;32m  OK  [0m] Started Initial cloud-init job (pre-networking).
[[0;32m  OK  [0m] Reached target Network (Pre).
         Starting Network Service...
[[0;32m  OK  [0m] Started Network Service.
         Starting Wait for Network to be Configured...
         Starting Network Name Resolution...
[[0;32m  OK  [0m] Started Network Name Resolution.
[[0;32m  OK  [0m] Reached target Network.
[[0;32m  OK  [0m] Reached target Host and Network Name Lookups.
[[0;32m  OK  [0m] Started Wait for Network to be Configured.
         Starting Initial cloud-init job (metadata service crawler)...
[   21.947056] cloud-init[731]: Cloud-init v. 22.4.2-0ubuntu0~18.04.1 running 'init' at Wed, 09 Aug 2023 20:46:37 +0000. Up 21.80 seconds.
[   21.951201] cloud-init[731]: ci-info: ++++++++++++++++++++++++++++++++++++++Net device info+++++++++++++++++++++++++++++++++++++++
[   21.955479] cloud-init[731]: ci-info: +--------+-------+----------------------------+---------------+--------+-------------------+
[   21.960350] cloud-init[731]: ci-info: | Device |   Up  |          Address           |      Mask     | Scope  |     Hw-Address    |
[   21.964368] cloud-init[731]: ci-info: +--------+-------+----------------------------+---------------+--------+-------------------+
[   21.968337] cloud-init[731]: ci-info: | enp0s3 |  True |         10.0.2.15          | 255.255.255.0 | global | 02:42:ef:1f:df:3a |
[   21.972448] cloud-init[731]: ci-info: | enp0s3 |  True | fe80::42:efff:fe1f:df3a/64 |       .       |  link  | 02:42:ef:1f:df:3a |
[   21.977372] cloud-init[731]: ci-info: | enp0s8 | False |             .              |       .       |   .    | 08:00:27:b2:cc:9e |
[   21.981217] cloud-init[731]: ci-info: |   lo   |  True |         127.0.0.1          |   255.0.0.0   |  host  |         .         |
[   21.984965] cloud-init[731]: ci-info: |   lo   |  True |          ::1/128           |       .       |  host  |         .         |
[   21.989279] cloud-init[731]: ci-info: +--------+-------+----------------------------+---------------+--------+-------------------+
[   21.993538] cloud-init[731]: ci-info: ++++++++++++++++++++++++++++Route IPv4 info+++++++++++++++++++++++++++++
[   21.997071] cloud-init[731]: ci-info: +-------+-------------+----------+-----------------+-----------+-------+
[   22.000442] cloud-init[731]: ci-info: | Route | Destination | Gateway  |     Genmask     | Interface | Flags |
[   22.004362] cloud-init[731]: ci-info: +-------+-------------+----------+-----------------+-----------+-------+
[   22.008844] cloud-init[731]: ci-info: |   0   |   0.0.0.0   | 10.0.2.2 |     0.0.0.0     |   enp0s3  |   UG  |
[   22.012348] cloud-init[731]: ci-info: |   1   |   10.0.2.0  | 0.0.0.0  |  255.255.255.0  |   enp0s3  |   U   |
[   22.015605] cloud-init[731]: ci-info: |   2   |   10.0.2.2  | 0.0.0.0  | 255.255.255.255 |   enp0s3  |   UH  |
[   22.019089] cloud-init[731]: ci-info: +-------+-------------+----------+-----------------+-----------+-------+
[   22.022283] cloud-init[731]: ci-info: +++++++++++++++++++Route IPv6 info+++++++++++++++++++
[   22.025694] cloud-init[731]: ci-info: +-------+-------------+---------+-----------+-------+
[   22.028952] cloud-init[731]: ci-info: | Route | Destination | Gateway | Interface | Flags |
[   22.031804] cloud-init[731]: ci-info: +-------+-------------+---------+-----------+-------+
[   22.045197] cloud-init[731]: ci-info: |   1   |  fe80::/64  |    ::   |   enp0s3  |   U   |
[   22.049528] cloud-init[731]: ci-info: |   3   |    local    |    ::   |   enp0s3  |   U   |
[   22.052576] cloud-init[731]: ci-info: |   4   |   ff00::/8  |    ::   |   enp0s3  |   U   |
[   22.055249] cloud-init[731]: ci-info: +-------+-------------+---------+-----------+-------+
[   23.067899] cloud-init[731]: Generating public/private rsa key pair.
[   23.070426] cloud-init[731]: Your identification has been saved in /etc/ssh/ssh_host_rsa_key.
[   23.073271] cloud-init[731]: Your public key has been saved in /etc/ssh/ssh_host_rsa_key.pub.
[   23.078669] cloud-init[731]: The key fingerprint is:
[   23.080585] cloud-init[731]: SHA256:FAvxmVPoooYP4b0xYbawkcDA7L4gEM3lFFJGdJI/DJE root@ubuntu-bionic
[   23.083869] cloud-init[731]: The key's randomart image is:
[   23.085923] cloud-init[731]: +---[RSA 2048]----+
[   23.087553] cloud-init[731]: |*o.=@=+....      |
[   23.089366] cloud-init[731]: |o+o=Eo o.*       |
[   23.091133] cloud-init[731]: |.o ..+ .B        |
[   23.093129] cloud-init[731]: |..= + =...       |
[   23.095403] cloud-init[731]: |o. X + oS        |
[   23.097099] cloud-init[731]: |o.= B            |
[   23.098729] cloud-init[731]: |o .+ +           |
[   23.100729] cloud-init[731]: | .  o            |
[   23.102226] cloud-init[731]: |                 |
[   23.104157] cloud-init[731]: +----[SHA256]-----+
[   23.106233] cloud-init[731]: Generating public/private dsa key pair.
[   23.110910] cloud-init[731]: Your identification has been saved in /etc/ssh/ssh_host_dsa_key.
[   23.114339] cloud-init[731]: Your public key has been saved in /etc/ssh/ssh_host_dsa_key.pub.
[   23.117316] cloud-init[731]: The key fingerprint is:
[   23.118922] cloud-init[731]: SHA256:A5uHEFI4bfmXnB0UACSGPLkmTsfb/N7aplJqSCkzMWE root@ubuntu-bionic
[   23.121795] cloud-init[731]: The key's randomart image is:
[   23.123794] cloud-init[731]: +---[DSA 1024]----+
[   23.125646] cloud-init[731]: | ..*=oo..oo.     |
[   23.127752] cloud-init[731]: | EBo+o    .      |
[   23.129719] cloud-init[731]: |. o=.... + .     |
[   23.131387] cloud-init[731]: |.+oo ..== .      |
[   23.134933] cloud-init[731]: |oo+ = +.S        |
[   23.136890] cloud-init[731]: | = + o o .       |
[   23.141431] cloud-init[731]: |  = . +          |
[   23.145119] cloud-init[731]: |   . + .o.       |
[   23.147225] cloud-init[731]: |    . o++o       |
[   23.149159] cloud-init[731]: +----[SHA256]-----+
[   23.150823] cloud-init[731]: Generating public/private ecdsa key pair.
[   23.153153] cloud-init[731]: Your identification has been saved in /etc/ssh/ssh_host_ecdsa_key.
[   23.156400] cloud-init[731]: Your public key has been saved in /etc/ssh/ssh_host_ecdsa_key.pub.
[   23.159254] cloud-init[731]: The key fingerprint is:
[   23.161790] cloud-init[731]: SHA256:AUm1+KqNYGWANNLCcFVXYLXr3QXv2OL1ZZ5DYcScodk root@ubuntu-bionic
[   23.165439] cloud-init[731]: The key's randomart image is:
[   23.167286] cloud-init[731]: +---[ECDSA 256]---+
[   23.169157] cloud-init[731]: |=+...o+o=+o   o.o|
[   23.172370] cloud-init[731]: |++o   .= . .  += |
[   23.176378] cloud-init[731]: |...   . o .  ooE |
[   23.179216] cloud-init[731]: |   .   . . .   = |
[   23.180988] cloud-init[731]: |    o   S .   . +|
[   23.182602] cloud-init[731]: |   o   . . . . * |
[   23.184346] cloud-init[731]: |  o   .   . . = *|
[   23.185989] cloud-init[731]: | . . +       . *+|
[   23.188465] cloud-init[731]: |    o .       ..+|
[   23.190097] cloud-init[731]: +----[SHA256]-----+
[   23.191671] cloud-init[731]: Generating public/private ed25519 key pair.
[   23.194698] cloud-init[731]: Your identification has been saved in /etc/ssh/ssh_host_ed25519_key.
[   23.197680] cloud-init[731]: Your public key has been saved in /etc/ssh/ssh_host_ed25519_key.pub.
[   23.200496] cloud-init[731]: The key fingerprint is:
[   23.202196] cloud-init[731]: SHA256:IRfX398cA95x6C3VsxvCnRyFbIwcw1HUqMi8iTQxYk0 root@ubuntu-bionic
[   23.205374] cloud-init[731]: The key's randomart image is:
[   23.207546] cloud-init[731]: +--[ED25519 256]--+
[   23.209534] cloud-init[731]: |       oE .++Oo=+|
[   23.212295] cloud-init[731]: |      o +o  =oB+=|
[   23.214204] cloud-init[731]: |     ...o= .o==+B|
[   23.216327] cloud-init[731]: |       oo.+ .++Xo|
[   23.218812] cloud-init[731]: |       .So o  .oB|
[   23.220751] cloud-init[731]: |        . o    .+|
[   23.222407] cloud-init[731]: |                 |
[   23.224221] cloud-init[731]: |                 |
[   23.225875] cloud-init[731]: |                 |
[   23.228479] cloud-init[731]: +----[SHA256]-----+
[[0;32m  OK  [0m] Started Initial cloud-init job (metadata service crawler).
[[0;32m  OK  [0m] Reached target System Initialization.
[[0;32m  OK  [0m] Started Daily Cleanup of Temporary Directories.
[[0;32m  OK  [0m] Started Ubuntu Advantage Timer for running repeated jobs.
         Starting Socket activation for snappy daemon.
[[0;32m  OK  [0m] Started Message of the Day.
[[0;32m  OK  [0m] Listening on D-Bus System Message Bus Socket.
[[0;32m  OK  [0m] Listening on UUID daemon activation socket.
[[0;32m  OK  [0m] Listening on Open-iSCSI iscsid Socket.
[[0;32m  OK  [0m] Started Daily apt download activities.
         Starting LXD - unix socket.
[[0;32m  OK  [0m] Started Discard unused blocks once a week.
[[0;32m  OK  [0m] Started Daily apt upgrade and clean activities.
[[0;32m  OK  [0m] Reached target Timers.
[[0;32m  OK  [0m] Started ACPI Events Check.
[[0;32m  OK  [0m] Reached target Paths.
[[0;32m  OK  [0m] Listening on ACPID Listen Socket.
[[0;32m  OK  [0m] Listening on cloud-init hotplug hook socket.
[[0;32m  OK  [0m] Reached target Network is Online.
[[0;32m  OK  [0m] Reached target Remote File Systems (Pre).
[[0;32m  OK  [0m] Reached target Remote File Systems.
         Starting Availability of block devices...
[[0;32m  OK  [0m] Reached target Cloud-config availability.
[[0;32m  OK  [0m] Listening on Socket activation for snappy daemon.
[[0;32m  OK  [0m] Listening on LXD - unix socket.
[[0;32m  OK  [0m] Started Availability of block devices.
[[0;32m  OK  [0m] Reached target Sockets.
[[0;32m  OK  [0m] Reached target Basic System.
         Starting System Logging Service...
[[0;32m  OK  [0m] Started Regular background program processing daemon.
         Starting Dispatcher daemon for systemd-networkd...
         Starting LSB: automatic crash report generation...
[[0;32m  OK  [0m] Started irqbalance daemon.
         Starting Snap Daemon...
[[0;32m  OK  [0m] Started Deferred execution scheduler.
[[0;32m  OK  [0m] Started FUSE filesystem for LXC.
[[0;32m  OK  [0m] Reached target Login Prompts (Pre).
[[0;32m  OK  [0m] Started D-Bus System Message Bus.
         Starting LSB: Record successful boot for GRUB...
         Starting Permit User Sessions...
         Starting Accounts Service...
         Starting Pollinate to seed the pseudo random number generator...
         Starting Login Service...
         Starting Virtualbox guest utils...
         Starting LXD - container startup/shutdown...
[[0;32m  OK  [0m] Started System Logging Service.
[[0;32m  OK  [0m] Started Permit User Sessions.
[[0;32m  OK  [0m] Started Dispatcher daemon for systemd-networkd.
[[0;32m  OK  [0m] Started Login Service.
[[0;32m  OK  [0m] Started Unattended Upgrades Shutdown.
         Starting Authorization Manager...
         Starting Terminate Plymouth Boot Screen...
         Starting Hold until boot process finishes up...
[[0;32m  OK  [0m] Started Hold until boot process finishes up.
[[0;32m  OK  [0m] Started Serial Getty on ttyS0.
         Starting Set console scheme...
[[0;32m  OK  [0m] Started Terminate Plymouth Boot Screen.
[[0;32m  OK  [0m] Started LSB: automatic crash report generation.
[[0;32m  OK  [0m] Started Set console scheme.
[[0;32m  OK  [0m] Created slice system-getty.slice.
[[0;32m  OK  [0m] Started Getty on tty1.
[[0;32m  OK  [0m] Reached target Login Prompts.
[[0;32m  OK  [0m] Started Authorization Manager.
[[0;32m  OK  [0m] Started Accounts Service.
[[0;32m  OK  [0m] Started Virtualbox guest utils.
[[0;32m  OK  [0m] Started LXD - container startup/shutdown.
[[0;32m  OK  [0m] Started LSB: Record successful boot for GRUB.
[[0;32m  OK  [0m] Started Snap Daemon.
         Starting Wait until snapd is fully seeded...
         Starting Time & Date Service...
[[0;32m  OK  [0m] Started Time & Date Service.
[[0;32m  OK  [0m] Started Pollinate to seed the pseudo random number generator.
         Starting OpenBSD Secure Shell server...
[[0;32m  OK  [0m] Started OpenBSD Secure Shell server.
[[0;32m  OK  [0m] Created slice User Slice of vagrant.
         Starting User Manager for UID 1000...
[[0;32m  OK  [0m] Started Session 1 of user vagrant.
[[0;32m  OK  [0m] Started User Manager for UID 1000.
[[0;32m  OK  [0m] Started Wait until snapd is fully seeded.
         Starting Apply the settings specified in cloud-config...
[   29.302458] cloud-init[1311]: Cloud-init v. 22.4.2-0ubuntu0~18.04.1 running 'modules:config' at Wed, 09 Aug 2023 20:46:44 +0000. Up 28.38 seconds.
ci-info: no authorized SSH keys fingerprints found for user ubuntu.
<14>Aug  9 20:46:46 cloud-init: #############################################################
<14>Aug  9 20:46:46 cloud-init: -----BEGIN SSH HOST KEY FINGERPRINTS-----
<14>Aug  9 20:46:46 cloud-init: 1024 SHA256:A5uHEFI4bfmXnB0UACSGPLkmTsfb/N7aplJqSCkzMWE root@ubuntu-bionic (DSA)
<14>Aug  9 20:46:46 cloud-init: 256 SHA256:AUm1+KqNYGWANNLCcFVXYLXr3QXv2OL1ZZ5DYcScodk root@ubuntu-bionic (ECDSA)
<14>Aug  9 20:46:46 cloud-init: 256 SHA256:IRfX398cA95x6C3VsxvCnRyFbIwcw1HUqMi8iTQxYk0 root@ubuntu-bionic (ED25519)
<14>Aug  9 20:46:46 cloud-init: 2048 SHA256:FAvxmVPoooYP4b0xYbawkcDA7L4gEM3lFFJGdJI/DJE root@ubuntu-bionic (RSA)
<14>Aug  9 20:46:46 cloud-init: -----END SSH HOST KEY FINGERPRINTS-----
<14>Aug  9 20:46:46 cloud-init: #############################################################
-----BEGIN SSH HOST KEY KEYS-----
ecdsa-sha2-nistp256 AAAAE2VjZHNhLXNoYTItbmlzdHAyNTYAAAAIbmlzdHAyNTYAAABBBLKZZjhrr+CKbP1TXpRP1n3u265ikFxFTAK7m3zOO2xBNmwt6NtxAekQjOTxBK4L3lugt39ieki4qN2o8+4Mz4Q= root@ubuntu-bionic
ssh-ed25519 AAAAC3NzaC1lZDI1NTE5AAAAIE9fygxFDW3L7kBrUAFIDgMSxqNXUw5doSSYGYStZjaM root@ubuntu-bionic
ssh-rsa AAAAB3NzaC1yc2EAAAADAQABAAABAQDvBWY4oiB9dw3EO+sdubioMzZr57n5lWr+PcbGO6raTOYWxaHVwpsAW7kGsrpUfdEF7yrSjwQyZPRruX3wrLYEaff1D/6nt6Ny+X1/Ntn98MjX+0hWYB41sbMPMt1rbggepox0pgKFlObPCvKQhddiIWOFEB/y0h97WdtHqjIcvU64dWV2gBRcDyLQCd+PDzpu51DdDaO9seH84oQiOzOjOwmvWVqfMh2CDBFdfLDNDFB9QBb1OYQ5Vj5+kj57XtuzYiVCwuDeh6FOLj64Pi1++6ig7hw7DDPxH2UDZmMR3JkzCkeio7GVqF9hcoDT9iyTidc6Txbr6UGEK+uD2TyF root@ubuntu-bionic
-----END SSH HOST KEY KEYS-----
[   30.142506] cloud-init[1413]: Cloud-init v. 22.4.2-0ubuntu0~18.04.1 running 'modules:final' at Wed, 09 Aug 2023 20:46:45 +0000. Up 29.87 seconds.
[   30.156651] cloud-init[1413]: Cloud-init v. 22.4.2-0ubuntu0~18.04.1 finished at Wed, 09 Aug 2023 20:46:46 +0000. Datasource DataSourceNoCloud [seed=/dev/sdb][dsmode=net].  Up 30.10 seconds

Ubuntu 18.04.6 LTS ubuntu-bionic ttyS0

ubuntu-bionic login: 